<?xml version="1.0" encoding="UTF-8"?>
<!-- Generated by org.testng.reporters.JUnitReportReporter -->
<testsuite hostname="DESKTOP-R1V1R5E" failures="0" tests="4" name="com.selenium.fixed.crud.mainTest" time="2.704" errors="0" timestamp="2022-11-12T22:49:09 EET" skipped="0">
  <testcase classname="com.selenium.fixed.crud.mainTest" name="add_Recipe" time="0.934"/>
  <system-out/>
  <testcase classname="com.selenium.fixed.crud.mainTest" name="read_Recipe" time="0.809"/>
  <system-out/>
  <testcase classname="com.selenium.fixed.crud.mainTest" name="edit_Recipe" time="0.727"/>
  <system-out/>
  <testcase classname="com.selenium.fixed.crud.mainTest" name="delete_Recipe" time="0.234"/>
  <system-out/>
</testsuite> <!-- com.selenium.fixed.crud.mainTest -->
